\BOOKMARK [0][-]{section*.1}{Agradecimientos}{}% 1
\BOOKMARK [0][-]{section*.2}{Resumen}{}% 2
\BOOKMARK [0][-]{chapter.1}{Introducci\363n}{}% 3
\BOOKMARK [0][-]{chapter.2}{Marco Te\363rico}{}% 4
\BOOKMARK [1][-]{section.2.1}{Manifestaciones Cl\355nicas}{chapter.2}% 5
\BOOKMARK [1][-]{section.2.2}{Diagn\363stico}{chapter.2}% 6
\BOOKMARK [2][-]{subsection.2.2.1}{Instrumentos}{section.2.2}% 7
\BOOKMARK [1][-]{section.2.3}{Aspectos Conceptuales y Metodol\363gicos}{chapter.2}% 8
\BOOKMARK [2][-]{subsection.2.3.1}{Desaf\355os conceptuales}{section.2.3}% 9
\BOOKMARK [2][-]{subsection.2.3.2}{Retos Metodol\363gicos}{section.2.3}% 10
\BOOKMARK [0][-]{chapter.3}{Materiales y M\351todos}{}% 11
\BOOKMARK [1][-]{section.3.1}{Dise\361o}{chapter.3}% 12
\BOOKMARK [2][-]{subsection.3.1.1}{Participantes}{section.3.1}% 13
\BOOKMARK [2][-]{subsection.3.1.2}{Instrumentos}{section.3.1}% 14
\BOOKMARK [2][-]{subsection.3.1.3}{Procedimiento}{section.3.1}% 15
\BOOKMARK [2][-]{subsection.3.1.4}{An\341lisis Estad\355stico}{section.3.1}% 16
\BOOKMARK [0][-]{chapter.4}{Resultados}{}% 17
\BOOKMARK [1][-]{section.4.1}{Descripci\363n de la muestra}{chapter.4}% 18
\BOOKMARK [2][-]{subsection.4.1.1}{An\341lisis descriptivo}{section.4.1}% 19
\BOOKMARK [1][-]{section.4.2}{An\341lisis factorial}{chapter.4}% 20
\BOOKMARK [1][-]{section.4.3}{Identificaci\363n de dominios}{chapter.4}% 21
\BOOKMARK [0][-]{chapter.5}{Discusi\363n}{}% 22
\BOOKMARK [1][-]{section.5.1}{Limitaciones}{chapter.5}% 23
\BOOKMARK [0][-]{chapter.6}{Conclusiones y recomendaciones}{}% 24
\BOOKMARK [1][-]{section.6.1}{Conclusiones}{chapter.6}% 25
\BOOKMARK [1][-]{section.6.2}{Recomendaciones}{chapter.6}% 26
\BOOKMARK [0][-]{appendix.Alph1}{Instrumento Preliminar}{}% 27
\BOOKMARK [0][-]{appendix.Alph2}{Medianas de los \355tems}{}% 28
\BOOKMARK [0][-]{appendix.Alph3}{Cargas Factoriales con Seis Factores}{}% 29
\BOOKMARK [0][-]{appendix.Alph4}{Cargas Factoriales con Doce Factores}{}% 30
\BOOKMARK [0][-]{section*.10}{Bibliograf\355a}{}% 31
